warning: Failed to uninstall package at .venv/lib/python3.14/site-packages/anthropic-0.75.0.dist-info due to missing `RECORD` file. Installation may result in an incomplete environment.
warning: Failed to uninstall package at .venv/lib/python3.14/site-packages/claude_agent_sdk-0.1.19.dist-info due to missing `RECORD` file. Installation may result in an incomplete environment.
warning: Failed to uninstall package at .venv/lib/python3.14/site-packages/sse_starlette-3.1.2.dist-info due to missing `RECORD` file. Installation may result in an incomplete environment.
warning: Failed to uninstall package at .venv/lib/python3.14/site-packages/starlette-0.51.0.dist-info due to missing `RECORD` file. Installation may result in an incomplete environment.
warning: Failed to uninstall package at .venv/lib/python3.14/site-packages/pyasn1-0.6.1.dist-info due to missing `RECORD` file. Installation may result in an incomplete environment.
Uninstalled 10 packages in 128ms
Installed 5 packages in 31ms
Traceback (most recent call last):
  File "/Users/bohdanpytaichuk/Documents/TrueRealEstate/Classifier/.claude/skills/testing/scripts/run_stress_tests.py", line 66, in <module>
    from .stress_test_runner import StressTestRunner, StressTestResult
ImportError: attempted relative import with no known parent package

During handling of the above exception, another exception occurred:

Traceback (most recent call last):
  File "/Users/bohdanpytaichuk/Documents/TrueRealEstate/Classifier/.claude/skills/testing/scripts/stress_test_runner.py", line 65, in <module>
    from .stress_scenarios import StressScenario, StressConfig
ImportError: attempted relative import with no known parent package

During handling of the above exception, another exception occurred:

Traceback (most recent call last):
  File "/Users/bohdanpytaichuk/Documents/TrueRealEstate/Classifier/.claude/skills/testing/scripts/run_stress_tests.py", line 79, in <module>
    from stress_test_runner import StressTestRunner, StressTestResult
  File "/Users/bohdanpytaichuk/Documents/TrueRealEstate/Classifier/.claude/skills/testing/scripts/stress_test_runner.py", line 89, in <module>
    from manual_test import reset_test_prospect
  File "/Users/bohdanpytaichuk/Documents/TrueRealEstate/Classifier/.claude/skills/testing/scripts/manual_test.py", line 56, in <module>
    from sales_agent.crm import ProspectManager
ModuleNotFoundError: No module named 'sales_agent'
